mode: set
github.com/butorovv/meeting-room-booking/config/config.go:18.21,28.2 1 1
github.com/butorovv/meeting-room-booking/config/config.go:30.34,35.2 1 1
github.com/butorovv/meeting-room-booking/config/config.go:37.46,38.42 1 1
github.com/butorovv/meeting-room-booking/config/config.go:38.42,40.3 1 1
github.com/butorovv/meeting-room-booking/config/config.go:41.2,41.21 1 1
github.com/butorovv/meeting-room-booking/pkg/jwt/jwt.go:15.65,26.2 3 1
github.com/butorovv/meeting-room-booking/pkg/jwt/jwt.go:28.65,29.104 1 1
github.com/butorovv/meeting-room-booking/pkg/jwt/jwt.go:29.104,30.58 1 1
github.com/butorovv/meeting-room-booking/pkg/jwt/jwt.go:30.58,32.4 1 0
github.com/butorovv/meeting-room-booking/pkg/jwt/jwt.go:33.3,33.29 1 1
github.com/butorovv/meeting-room-booking/pkg/jwt/jwt.go:35.2,35.16 1 1
github.com/butorovv/meeting-room-booking/pkg/jwt/jwt.go:35.16,37.3 1 1
github.com/butorovv/meeting-room-booking/pkg/jwt/jwt.go:38.2,38.61 1 1
github.com/butorovv/meeting-room-booking/pkg/jwt/jwt.go:38.61,40.3 1 1
github.com/butorovv/meeting-room-booking/pkg/jwt/jwt.go:41.2,41.37 1 0
github.com/butorovv/meeting-room-booking/internal/usecase/auth_usecase.go:20.73,25.2 1 1
github.com/butorovv/meeting-room-booking/internal/usecase/auth_usecase.go:27.85,29.21 2 1
github.com/butorovv/meeting-room-booking/internal/usecase/auth_usecase.go:29.21,31.3 1 1
github.com/butorovv/meeting-room-booking/internal/usecase/auth_usecase.go:31.8,33.3 1 1
github.com/butorovv/meeting-room-booking/internal/usecase/auth_usecase.go:35.2,36.16 2 1
github.com/butorovv/meeting-room-booking/internal/usecase/auth_usecase.go:36.16,38.3 1 0
github.com/butorovv/meeting-room-booking/internal/usecase/auth_usecase.go:40.2,41.16 2 1
github.com/butorovv/meeting-room-booking/internal/usecase/auth_usecase.go:41.16,43.3 1 0
github.com/butorovv/meeting-room-booking/internal/usecase/auth_usecase.go:45.2,45.19 1 1
github.com/butorovv/meeting-room-booking/internal/usecase/booking_usecase.go:26.114,31.2 1 1
github.com/butorovv/meeting-room-booking/internal/usecase/booking_usecase.go:33.134,35.16 2 1
github.com/butorovv/meeting-room-booking/internal/usecase/booking_usecase.go:35.16,37.3 1 0
github.com/butorovv/meeting-room-booking/internal/usecase/booking_usecase.go:38.2,38.21 1 1
github.com/butorovv/meeting-room-booking/internal/usecase/booking_usecase.go:38.21,40.3 1 1
github.com/butorovv/meeting-room-booking/internal/usecase/booking_usecase.go:42.2,43.64 2 1
github.com/butorovv/meeting-room-booking/internal/usecase/booking_usecase.go:43.64,45.3 1 1
github.com/butorovv/meeting-room-booking/internal/usecase/booking_usecase.go:47.2,57.16 3 1
github.com/butorovv/meeting-room-booking/internal/usecase/booking_usecase.go:57.16,59.3 1 0
github.com/butorovv/meeting-room-booking/internal/usecase/booking_usecase.go:60.2,60.21 1 1
github.com/butorovv/meeting-room-booking/internal/usecase/booking_usecase.go:63.113,65.16 2 1
github.com/butorovv/meeting-room-booking/internal/usecase/booking_usecase.go:65.16,67.3 1 0
github.com/butorovv/meeting-room-booking/internal/usecase/booking_usecase.go:69.2,69.30 1 1
github.com/butorovv/meeting-room-booking/internal/usecase/booking_usecase.go:69.30,71.3 1 1
github.com/butorovv/meeting-room-booking/internal/usecase/booking_usecase.go:74.2,74.47 1 1
github.com/butorovv/meeting-room-booking/internal/usecase/booking_usecase.go:74.47,76.3 1 1
github.com/butorovv/meeting-room-booking/internal/usecase/booking_usecase.go:79.2,80.16 2 1
github.com/butorovv/meeting-room-booking/internal/usecase/booking_usecase.go:80.16,82.3 1 0
github.com/butorovv/meeting-room-booking/internal/usecase/booking_usecase.go:85.2,86.21 2 1
github.com/butorovv/meeting-room-booking/internal/usecase/booking_usecase.go:89.106,91.2 1 1
github.com/butorovv/meeting-room-booking/internal/usecase/booking_usecase.go:93.115,96.2 2 1
github.com/butorovv/meeting-room-booking/internal/usecase/room_usecase.go:21.64,23.2 1 1
github.com/butorovv/meeting-room-booking/internal/usecase/room_usecase.go:25.127,34.16 3 1
github.com/butorovv/meeting-room-booking/internal/usecase/room_usecase.go:34.16,36.3 1 1
github.com/butorovv/meeting-room-booking/internal/usecase/room_usecase.go:37.2,37.18 1 1
github.com/butorovv/meeting-room-booking/internal/usecase/room_usecase.go:40.79,42.2 1 1
github.com/butorovv/meeting-room-booking/internal/usecase/schedule_usecase.go:23.118,28.2 1 1
github.com/butorovv/meeting-room-booking/internal/usecase/schedule_usecase.go:30.150,32.16 2 1
github.com/butorovv/meeting-room-booking/internal/usecase/schedule_usecase.go:32.16,34.3 1 1
github.com/butorovv/meeting-room-booking/internal/usecase/schedule_usecase.go:35.2,35.12 1 1
github.com/butorovv/meeting-room-booking/internal/usecase/schedule_usecase.go:35.12,37.3 1 1
github.com/butorovv/meeting-room-booking/internal/usecase/schedule_usecase.go:39.2,48.16 3 1
github.com/butorovv/meeting-room-booking/internal/usecase/schedule_usecase.go:48.16,50.3 1 1
github.com/butorovv/meeting-room-booking/internal/usecase/schedule_usecase.go:52.2,55.20 4 1
github.com/butorovv/meeting-room-booking/internal/usecase/schedule_usecase.go:55.20,57.17 2 1
github.com/butorovv/meeting-room-booking/internal/usecase/schedule_usecase.go:57.17,59.4 1 1
github.com/butorovv/meeting-room-booking/internal/usecase/schedule_usecase.go:61.2,61.22 1 1
github.com/butorovv/meeting-room-booking/internal/usecase/slot_usecase.go:13.64,15.2 1 1
github.com/butorovv/meeting-room-booking/internal/usecase/slot_usecase.go:17.108,19.2 1 1
github.com/butorovv/meeting-room-booking/internal/domain/booking.go:24.28,25.31 1 1
github.com/butorovv/meeting-room-booking/internal/domain/booking.go:25.31,28.3 2 1
github.com/butorovv/meeting-room-booking/internal/domain/schedule.go:22.38,24.25 2 1
github.com/butorovv/meeting-room-booking/internal/domain/schedule.go:24.25,25.12 1 1
github.com/butorovv/meeting-room-booking/internal/domain/schedule.go:26.10,27.18 1 1
github.com/butorovv/meeting-room-booking/internal/domain/schedule.go:28.10,29.19 1 1
github.com/butorovv/meeting-room-booking/internal/domain/schedule.go:30.10,31.21 1 0
github.com/butorovv/meeting-room-booking/internal/domain/schedule.go:32.10,33.20 1 0
github.com/butorovv/meeting-room-booking/internal/domain/schedule.go:34.10,35.18 1 0
github.com/butorovv/meeting-room-booking/internal/domain/schedule.go:36.10,37.20 1 0
github.com/butorovv/meeting-room-booking/internal/domain/schedule.go:38.10,39.18 1 1
github.com/butorovv/meeting-room-booking/internal/domain/schedule.go:43.2,43.13 1 1
github.com/butorovv/meeting-room-booking/internal/domain/schedule.go:47.38,49.22 2 1
github.com/butorovv/meeting-room-booking/internal/domain/schedule.go:49.22,51.3 1 1
github.com/butorovv/meeting-room-booking/internal/domain/schedule.go:52.2,52.23 1 1
github.com/butorovv/meeting-room-booking/internal/domain/schedule.go:52.23,54.3 1 1
github.com/butorovv/meeting-room-booking/internal/domain/schedule.go:55.2,55.25 1 1
github.com/butorovv/meeting-room-booking/internal/domain/schedule.go:55.25,57.3 1 0
github.com/butorovv/meeting-room-booking/internal/domain/schedule.go:58.2,58.24 1 1
github.com/butorovv/meeting-room-booking/internal/domain/schedule.go:58.24,60.3 1 0
github.com/butorovv/meeting-room-booking/internal/domain/schedule.go:61.2,61.22 1 1
github.com/butorovv/meeting-room-booking/internal/domain/schedule.go:61.22,63.3 1 0
github.com/butorovv/meeting-room-booking/internal/domain/schedule.go:64.2,64.24 1 1
github.com/butorovv/meeting-room-booking/internal/domain/schedule.go:64.24,66.3 1 0
github.com/butorovv/meeting-room-booking/internal/domain/schedule.go:67.2,67.22 1 1
github.com/butorovv/meeting-room-booking/internal/domain/schedule.go:67.22,69.3 1 1
github.com/butorovv/meeting-room-booking/internal/domain/schedule.go:71.2,71.13 1 1
github.com/butorovv/meeting-room-booking/internal/domain/schedule.go:84.51,85.17 1 1
github.com/butorovv/meeting-room-booking/internal/domain/schedule.go:86.19,87.16 1 1
github.com/butorovv/meeting-room-booking/internal/domain/schedule.go:88.20,89.17 1 1
github.com/butorovv/meeting-room-booking/internal/domain/schedule.go:90.22,91.19 1 1
github.com/butorovv/meeting-room-booking/internal/domain/schedule.go:92.21,93.18 1 1
github.com/butorovv/meeting-room-booking/internal/domain/schedule.go:94.19,95.16 1 1
github.com/butorovv/meeting-room-booking/internal/domain/schedule.go:96.21,97.18 1 1
github.com/butorovv/meeting-room-booking/internal/domain/schedule.go:98.19,99.16 1 1
github.com/butorovv/meeting-room-booking/internal/domain/schedule.go:100.10,101.11 1 0
github.com/butorovv/meeting-room-booking/internal/domain/schedule.go:105.72,108.30 3 1
github.com/butorovv/meeting-room-booking/internal/domain/schedule.go:108.30,111.30 2 1
github.com/butorovv/meeting-room-booking/internal/domain/schedule.go:111.30,120.67 5 1
github.com/butorovv/meeting-room-booking/internal/domain/schedule.go:120.67,128.5 1 1
github.com/butorovv/meeting-room-booking/internal/domain/schedule.go:130.3,130.37 1 1
github.com/butorovv/meeting-room-booking/internal/domain/schedule.go:132.2,132.14 1 1
github.com/butorovv/meeting-room-booking/internal/domain/slot.go:17.32,19.2 1 1
github.com/butorovv/meeting-room-booking/internal/delivery/middlewares/auth.go:18.69,20.2 1 1
github.com/butorovv/meeting-room-booking/internal/delivery/middlewares/auth.go:22.65,24.2 1 1
github.com/butorovv/meeting-room-booking/internal/delivery/middlewares/auth.go:26.60,30.2 3 1
github.com/butorovv/meeting-room-booking/internal/delivery/middlewares/auth.go:32.58,36.2 3 1
github.com/butorovv/meeting-room-booking/internal/delivery/middlewares/auth.go:38.71,41.46 2 1
github.com/butorovv/meeting-room-booking/internal/delivery/middlewares/auth.go:41.46,42.72 1 1
github.com/butorovv/meeting-room-booking/internal/delivery/middlewares/auth.go:42.72,46.24 3 1
github.com/butorovv/meeting-room-booking/internal/delivery/middlewares/auth.go:46.24,48.48 2 1
github.com/butorovv/meeting-room-booking/internal/delivery/middlewares/auth.go:48.48,50.6 1 1
github.com/butorovv/meeting-room-booking/internal/delivery/middlewares/auth.go:53.4,53.25 1 1
github.com/butorovv/meeting-room-booking/internal/delivery/middlewares/auth.go:53.25,55.19 2 1
github.com/butorovv/meeting-room-booking/internal/delivery/middlewares/auth.go:55.19,57.6 1 0
github.com/butorovv/meeting-room-booking/internal/delivery/middlewares/auth.go:60.4,60.25 1 1
github.com/butorovv/meeting-room-booking/internal/delivery/middlewares/auth.go:60.25,63.5 2 1
github.com/butorovv/meeting-room-booking/internal/delivery/middlewares/auth.go:65.4,71.97 3 1
github.com/butorovv/meeting-room-booking/internal/delivery/middlewares/auth.go:71.97,72.60 1 1
github.com/butorovv/meeting-room-booking/internal/delivery/middlewares/auth.go:72.60,74.6 1 0
github.com/butorovv/meeting-room-booking/internal/delivery/middlewares/auth.go:75.5,75.23 1 1
github.com/butorovv/meeting-room-booking/internal/delivery/middlewares/auth.go:78.4,78.51 1 1
github.com/butorovv/meeting-room-booking/internal/delivery/middlewares/auth.go:78.51,81.5 2 1
github.com/butorovv/meeting-room-booking/internal/delivery/middlewares/auth.go:83.4,85.41 3 1
github.com/butorovv/meeting-room-booking/internal/delivery/middlewares/auth.go:91.48,92.71 1 1
github.com/butorovv/meeting-room-booking/internal/delivery/middlewares/auth.go:92.71,94.29 2 1
github.com/butorovv/meeting-room-booking/internal/delivery/middlewares/auth.go:94.29,97.4 2 1
github.com/butorovv/meeting-room-booking/internal/delivery/middlewares/auth.go:98.3,98.23 1 1
github.com/butorovv/meeting-room-booking/pkg/logger/logger.go:20.71,22.2 1 1
github.com/butorovv/meeting-room-booking/pkg/logger/logger.go:24.46,25.16 1 1
github.com/butorovv/meeting-room-booking/pkg/logger/logger.go:25.16,27.3 1 0
github.com/butorovv/meeting-room-booking/pkg/logger/logger.go:28.2,28.41 1 1
github.com/butorovv/meeting-room-booking/pkg/logger/logger.go:28.41,29.30 1 1
github.com/butorovv/meeting-room-booking/pkg/logger/logger.go:29.30,31.4 1 1
github.com/butorovv/meeting-room-booking/pkg/logger/logger.go:33.2,33.12 1 0
github.com/butorovv/meeting-room-booking/pkg/logger/logger.go:36.78,38.2 1 1
github.com/butorovv/meeting-room-booking/pkg/logger/logger.go:40.55,41.16 1 1
github.com/butorovv/meeting-room-booking/pkg/logger/logger.go:41.16,43.3 1 0
github.com/butorovv/meeting-room-booking/pkg/logger/logger.go:44.2,44.44 1 1
github.com/butorovv/meeting-room-booking/pkg/logger/logger.go:44.44,45.30 1 1
github.com/butorovv/meeting-room-booking/pkg/logger/logger.go:45.30,47.4 1 1
github.com/butorovv/meeting-room-booking/pkg/logger/logger.go:49.2,49.11 1 0
github.com/butorovv/meeting-room-booking/pkg/logger/logger.go:52.22,54.2 1 1
github.com/butorovv/meeting-room-booking/cmd/main.go:15.13,20.16 4 1
github.com/butorovv/meeting-room-booking/cmd/main.go:20.16,22.3 1 0
github.com/butorovv/meeting-room-booking/cmd/main.go:23.2,50.76 20 0
github.com/butorovv/meeting-room-booking/cmd/main.go:50.76,53.3 2 0
github.com/butorovv/meeting-room-booking/cmd/main.go:55.2,65.54 10 0
github.com/butorovv/meeting-room-booking/pkg/http_response/response.go:16.59,18.2 1 1
github.com/butorovv/meeting-room-booking/pkg/http_response/response.go:20.106,23.56 3 1
github.com/butorovv/meeting-room-booking/pkg/http_response/response.go:23.56,25.3 1 0
github.com/butorovv/meeting-room-booking/pkg/http_response/response.go:28.151,31.2 2 1
github.com/butorovv/meeting-room-booking/internal/usecase/mock/auth_repo_mock.go:27.73,31.2 3 0
github.com/butorovv/meeting-room-booking/internal/usecase/mock/auth_repo_mock.go:34.71,36.2 1 0
github.com/butorovv/meeting-room-booking/internal/usecase/mock/auth_repo_mock.go:39.92,45.2 5 0
github.com/butorovv/meeting-room-booking/internal/usecase/mock/auth_repo_mock.go:48.85,51.2 2 0
github.com/butorovv/meeting-room-booking/internal/usecase/mock/auth_repo_mock.go:54.109,60.2 5 0
github.com/butorovv/meeting-room-booking/internal/usecase/mock/auth_repo_mock.go:63.93,66.2 2 0
github.com/butorovv/meeting-room-booking/internal/usecase/mock/booking_repo_mock.go:27.97,31.2 3 0
github.com/butorovv/meeting-room-booking/internal/usecase/mock/booking_repo_mock.go:34.95,36.2 1 0
github.com/butorovv/meeting-room-booking/internal/usecase/mock/booking_repo_mock.go:39.101,44.2 4 0
github.com/butorovv/meeting-room-booking/internal/usecase/mock/booking_repo_mock.go:47.101,50.2 2 0
github.com/butorovv/meeting-room-booking/internal/usecase/mock/booking_repo_mock.go:53.121,60.2 6 0
github.com/butorovv/meeting-room-booking/internal/usecase/mock/booking_repo_mock.go:63.107,66.2 2 0
github.com/butorovv/meeting-room-booking/internal/usecase/mock/booking_repo_mock.go:69.107,75.2 5 0
github.com/butorovv/meeting-room-booking/internal/usecase/mock/booking_repo_mock.go:78.97,81.2 2 0
github.com/butorovv/meeting-room-booking/internal/usecase/mock/booking_repo_mock.go:84.115,90.2 5 0
github.com/butorovv/meeting-room-booking/internal/usecase/mock/booking_repo_mock.go:93.105,96.2 2 0
github.com/butorovv/meeting-room-booking/internal/usecase/mock/booking_repo_mock.go:99.117,105.2 5 0
github.com/butorovv/meeting-room-booking/internal/usecase/mock/booking_repo_mock.go:108.105,111.2 2 0
github.com/butorovv/meeting-room-booking/internal/usecase/mock/booking_repo_mock.go:114.101,119.2 4 0
github.com/butorovv/meeting-room-booking/internal/usecase/mock/booking_repo_mock.go:122.110,125.2 2 0
github.com/butorovv/meeting-room-booking/internal/usecase/mock/room_repo_mock.go:27.91,31.2 3 0
github.com/butorovv/meeting-room-booking/internal/usecase/mock/room_repo_mock.go:34.89,36.2 1 0
github.com/butorovv/meeting-room-booking/internal/usecase/mock/room_repo_mock.go:39.92,44.2 4 0
github.com/butorovv/meeting-room-booking/internal/usecase/mock/room_repo_mock.go:47.95,50.2 2 0
github.com/butorovv/meeting-room-booking/internal/usecase/mock/room_repo_mock.go:53.89,59.2 5 0
github.com/butorovv/meeting-room-booking/internal/usecase/mock/room_repo_mock.go:62.87,65.2 2 0
github.com/butorovv/meeting-room-booking/internal/usecase/mock/schedule_repo_mock.go:27.99,31.2 3 0
github.com/butorovv/meeting-room-booking/internal/usecase/mock/schedule_repo_mock.go:34.97,36.2 1 0
github.com/butorovv/meeting-room-booking/internal/usecase/mock/schedule_repo_mock.go:39.104,44.2 4 0
github.com/butorovv/meeting-room-booking/internal/usecase/mock/schedule_repo_mock.go:47.103,50.2 2 0
github.com/butorovv/meeting-room-booking/internal/usecase/mock/schedule_repo_mock.go:53.108,59.2 5 0
github.com/butorovv/meeting-room-booking/internal/usecase/mock/schedule_repo_mock.go:62.109,65.2 2 0
github.com/butorovv/meeting-room-booking/internal/usecase/mock/schedule_repo_mock.go:68.117,74.2 5 0
github.com/butorovv/meeting-room-booking/internal/usecase/mock/schedule_repo_mock.go:77.106,80.2 2 0
github.com/butorovv/meeting-room-booking/internal/usecase/mock/slot_repo_mock.go:27.91,31.2 3 0
github.com/butorovv/meeting-room-booking/internal/usecase/mock/slot_repo_mock.go:34.89,36.2 1 0
github.com/butorovv/meeting-room-booking/internal/usecase/mock/slot_repo_mock.go:39.100,44.2 4 0
github.com/butorovv/meeting-room-booking/internal/usecase/mock/slot_repo_mock.go:47.101,50.2 2 0
github.com/butorovv/meeting-room-booking/internal/usecase/mock/slot_repo_mock.go:53.131,59.2 5 0
github.com/butorovv/meeting-room-booking/internal/usecase/mock/slot_repo_mock.go:62.122,65.2 2 0
github.com/butorovv/meeting-room-booking/internal/usecase/mock/slot_repo_mock.go:68.101,74.2 5 0
github.com/butorovv/meeting-room-booking/internal/usecase/mock/slot_repo_mock.go:77.94,80.2 2 0
github.com/butorovv/meeting-room-booking/internal/delivery/http/mock/auth_usecase_mock.go:26.85,30.2 3 0
github.com/butorovv/meeting-room-booking/internal/delivery/http/mock/auth_usecase_mock.go:33.83,35.2 1 0
github.com/butorovv/meeting-room-booking/internal/delivery/http/mock/auth_usecase_mock.go:38.97,44.2 5 0
github.com/butorovv/meeting-room-booking/internal/delivery/http/mock/auth_usecase_mock.go:47.96,50.2 2 0
github.com/butorovv/meeting-room-booking/internal/delivery/http/mock/booking_usecase_mock.go:27.91,31.2 3 0
github.com/butorovv/meeting-room-booking/internal/delivery/http/mock/booking_usecase_mock.go:34.89,36.2 1 0
github.com/butorovv/meeting-room-booking/internal/delivery/http/mock/booking_usecase_mock.go:39.125,45.2 5 0
github.com/butorovv/meeting-room-booking/internal/delivery/http/mock/booking_usecase_mock.go:48.115,51.2 2 0
github.com/butorovv/meeting-room-booking/internal/delivery/http/mock/booking_usecase_mock.go:54.146,60.2 5 0
github.com/butorovv/meeting-room-booking/internal/delivery/http/mock/booking_usecase_mock.go:63.128,66.2 2 0
github.com/butorovv/meeting-room-booking/internal/delivery/http/mock/booking_usecase_mock.go:69.127,76.2 6 0
github.com/butorovv/meeting-room-booking/internal/delivery/http/mock/booking_usecase_mock.go:79.113,82.2 2 0
github.com/butorovv/meeting-room-booking/internal/delivery/http/mock/booking_usecase_mock.go:85.118,91.2 5 0
github.com/butorovv/meeting-room-booking/internal/delivery/http/mock/booking_usecase_mock.go:94.106,97.2 2 0
github.com/butorovv/meeting-room-booking/internal/delivery/http/mock/room_usecase_mock.go:27.85,31.2 3 0
github.com/butorovv/meeting-room-booking/internal/delivery/http/mock/room_usecase_mock.go:34.83,36.2 1 0
github.com/butorovv/meeting-room-booking/internal/delivery/http/mock/room_usecase_mock.go:39.139,45.2 5 0
github.com/butorovv/meeting-room-booking/internal/delivery/http/mock/room_usecase_mock.go:48.119,51.2 2 0
github.com/butorovv/meeting-room-booking/internal/delivery/http/mock/room_usecase_mock.go:54.91,60.2 5 0
github.com/butorovv/meeting-room-booking/internal/delivery/http/mock/room_usecase_mock.go:63.89,66.2 2 0
github.com/butorovv/meeting-room-booking/internal/delivery/http/mock/schedule_usecase_mock.go:27.93,31.2 3 0
github.com/butorovv/meeting-room-booking/internal/delivery/http/mock/schedule_usecase_mock.go:34.91,36.2 1 0
github.com/butorovv/meeting-room-booking/internal/delivery/http/mock/schedule_usecase_mock.go:39.162,45.2 5 0
github.com/butorovv/meeting-room-booking/internal/delivery/http/mock/schedule_usecase_mock.go:48.138,51.2 2 0
github.com/butorovv/meeting-room-booking/internal/delivery/http/mock/slot_usecase_mock.go:27.85,31.2 3 0
github.com/butorovv/meeting-room-booking/internal/delivery/http/mock/slot_usecase_mock.go:34.83,36.2 1 0
github.com/butorovv/meeting-room-booking/internal/delivery/http/mock/slot_usecase_mock.go:39.120,45.2 5 0
github.com/butorovv/meeting-room-booking/internal/delivery/http/mock/slot_usecase_mock.go:48.111,51.2 2 0
github.com/butorovv/meeting-room-booking/internal/repository/booking_repo.go:35.59,37.2 1 0
github.com/butorovv/meeting-room-booking/internal/repository/booking_repo.go:39.88,44.2 2 0
github.com/butorovv/meeting-room-booking/internal/repository/booking_repo.go:46.102,51.16 3 0
github.com/butorovv/meeting-room-booking/internal/repository/booking_repo.go:51.16,53.3 1 0
github.com/butorovv/meeting-room-booking/internal/repository/booking_repo.go:54.2,54.16 1 0
github.com/butorovv/meeting-room-booking/internal/repository/booking_repo.go:57.104,59.16 2 0
github.com/butorovv/meeting-room-booking/internal/repository/booking_repo.go:59.16,61.3 1 0
github.com/butorovv/meeting-room-booking/internal/repository/booking_repo.go:62.2,65.18 3 0
github.com/butorovv/meeting-room-booking/internal/repository/booking_repo.go:65.18,68.17 3 0
github.com/butorovv/meeting-room-booking/internal/repository/booking_repo.go:68.17,70.4 1 0
github.com/butorovv/meeting-room-booking/internal/repository/booking_repo.go:71.3,71.34 1 0
github.com/butorovv/meeting-room-booking/internal/repository/booking_repo.go:73.2,73.29 1 0
github.com/butorovv/meeting-room-booking/internal/repository/booking_repo.go:76.108,78.16 2 0
github.com/butorovv/meeting-room-booking/internal/repository/booking_repo.go:78.16,80.3 1 0
github.com/butorovv/meeting-room-booking/internal/repository/booking_repo.go:81.2,84.18 3 0
github.com/butorovv/meeting-room-booking/internal/repository/booking_repo.go:84.18,87.17 3 0
github.com/butorovv/meeting-room-booking/internal/repository/booking_repo.go:87.17,89.4 1 0
github.com/butorovv/meeting-room-booking/internal/repository/booking_repo.go:90.3,90.34 1 0
github.com/butorovv/meeting-room-booking/internal/repository/booking_repo.go:93.2,95.16 3 0
github.com/butorovv/meeting-room-booking/internal/repository/booking_repo.go:95.16,97.3 1 0
github.com/butorovv/meeting-room-booking/internal/repository/booking_repo.go:98.2,98.29 1 0
github.com/butorovv/meeting-room-booking/internal/repository/booking_repo.go:101.88,104.2 2 0
github.com/butorovv/meeting-room-booking/internal/repository/booking_repo.go:106.94,111.16 3 0
github.com/butorovv/meeting-room-booking/internal/repository/booking_repo.go:111.16,113.3 1 0
github.com/butorovv/meeting-room-booking/internal/repository/booking_repo.go:114.2,114.16 1 0
github.com/butorovv/meeting-room-booking/internal/repository/db.go:22.55,24.16 2 0
github.com/butorovv/meeting-room-booking/internal/repository/db.go:24.16,26.3 1 0
github.com/butorovv/meeting-room-booking/internal/repository/db.go:27.2,27.56 1 0
github.com/butorovv/meeting-room-booking/internal/repository/db.go:27.56,29.3 1 0
github.com/butorovv/meeting-room-booking/internal/repository/db.go:30.2,30.18 1 0
github.com/butorovv/meeting-room-booking/internal/repository/room_repo.go:20.53,22.2 1 0
github.com/butorovv/meeting-room-booking/internal/repository/room_repo.go:24.79,29.2 2 0
github.com/butorovv/meeting-room-booking/internal/repository/room_repo.go:31.76,33.16 2 0
github.com/butorovv/meeting-room-booking/internal/repository/room_repo.go:33.16,35.3 1 0
github.com/butorovv/meeting-room-booking/internal/repository/room_repo.go:36.2,39.18 3 0
github.com/butorovv/meeting-room-booking/internal/repository/room_repo.go:39.18,42.17 3 0
github.com/butorovv/meeting-room-booking/internal/repository/room_repo.go:42.17,44.4 1 0
github.com/butorovv/meeting-room-booking/internal/repository/room_repo.go:45.3,45.31 1 0
github.com/butorovv/meeting-room-booking/internal/repository/room_repo.go:47.2,47.26 1 0
github.com/butorovv/meeting-room-booking/internal/repository/schedule_repo.go:23.61,25.2 1 0
github.com/butorovv/meeting-room-booking/internal/repository/schedule_repo.go:27.91,32.2 2 0
github.com/butorovv/meeting-room-booking/internal/repository/schedule_repo.go:34.104,39.16 3 0
github.com/butorovv/meeting-room-booking/internal/repository/schedule_repo.go:39.16,41.3 1 0
github.com/butorovv/meeting-room-booking/internal/repository/schedule_repo.go:42.2,42.16 1 0
github.com/butorovv/meeting-room-booking/internal/repository/schedule_repo.go:45.95,49.2 3 0
github.com/butorovv/meeting-room-booking/internal/repository/slot_repo.go:22.53,24.2 1 0
github.com/butorovv/meeting-room-booking/internal/repository/slot_repo.go:26.87,28.29 2 0
github.com/butorovv/meeting-room-booking/internal/repository/slot_repo.go:28.29,30.3 1 0
github.com/butorovv/meeting-room-booking/internal/repository/slot_repo.go:31.2,31.43 1 0
github.com/butorovv/meeting-room-booking/internal/repository/slot_repo.go:34.125,36.16 2 0
github.com/butorovv/meeting-room-booking/internal/repository/slot_repo.go:36.16,38.3 1 0
github.com/butorovv/meeting-room-booking/internal/repository/slot_repo.go:39.2,42.18 3 0
github.com/butorovv/meeting-room-booking/internal/repository/slot_repo.go:42.18,46.17 4 0
github.com/butorovv/meeting-room-booking/internal/repository/slot_repo.go:46.17,48.4 1 0
github.com/butorovv/meeting-room-booking/internal/repository/slot_repo.go:49.3,49.16 1 0
github.com/butorovv/meeting-room-booking/internal/repository/slot_repo.go:49.16,51.4 1 0
github.com/butorovv/meeting-room-booking/internal/repository/slot_repo.go:53.2,53.26 1 0
github.com/butorovv/meeting-room-booking/internal/repository/slot_repo.go:56.88,60.16 3 0
github.com/butorovv/meeting-room-booking/internal/repository/slot_repo.go:60.16,62.3 1 0
github.com/butorovv/meeting-room-booking/internal/repository/slot_repo.go:63.2,63.16 1 0
github.com/butorovv/meeting-room-booking/internal/repository/user_repo.go:23.53,25.2 1 0
github.com/butorovv/meeting-room-booking/internal/repository/user_repo.go:27.105,31.30 3 0
github.com/butorovv/meeting-room-booking/internal/repository/user_repo.go:31.30,33.3 1 0
github.com/butorovv/meeting-room-booking/internal/repository/user_repo.go:33.8,35.3 1 0
github.com/butorovv/meeting-room-booking/internal/repository/user_repo.go:36.2,42.16 4 0
github.com/butorovv/meeting-room-booking/internal/repository/user_repo.go:42.16,45.3 2 0
github.com/butorovv/meeting-room-booking/internal/repository/user_repo.go:46.2,46.16 1 0
github.com/butorovv/meeting-room-booking/internal/repository/user_repo.go:49.88,56.16 4 0
github.com/butorovv/meeting-room-booking/internal/repository/user_repo.go:56.16,57.27 1 0
github.com/butorovv/meeting-room-booking/internal/repository/user_repo.go:57.27,59.4 1 0
github.com/butorovv/meeting-room-booking/internal/repository/user_repo.go:60.3,61.18 2 0
github.com/butorovv/meeting-room-booking/internal/repository/user_repo.go:63.2,63.16 1 0
github.com/butorovv/meeting-room-booking/internal/delivery/transport/booking.go:15.49,16.20 1 1
github.com/butorovv/meeting-room-booking/internal/delivery/transport/booking.go:16.20,18.3 1 1
github.com/butorovv/meeting-room-booking/internal/delivery/transport/booking.go:19.2,19.12 1 1
github.com/butorovv/meeting-room-booking/internal/delivery/transport/booking.go:42.60,43.14 1 1
github.com/butorovv/meeting-room-booking/internal/delivery/transport/booking.go:43.14,45.3 1 1
github.com/butorovv/meeting-room-booking/internal/delivery/transport/booking.go:46.2,53.3 1 1
github.com/butorovv/meeting-room-booking/internal/delivery/transport/booking.go:56.74,57.21 1 1
github.com/butorovv/meeting-room-booking/internal/delivery/transport/booking.go:57.21,59.3 1 1
github.com/butorovv/meeting-room-booking/internal/delivery/transport/booking.go:60.2,61.29 2 1
github.com/butorovv/meeting-room-booking/internal/delivery/transport/booking.go:61.29,63.3 1 1
github.com/butorovv/meeting-room-booking/internal/delivery/transport/booking.go:64.2,64.15 1 1
github.com/butorovv/meeting-room-booking/internal/delivery/transport/room.go:17.46,18.37 1 1
github.com/butorovv/meeting-room-booking/internal/delivery/transport/room.go:18.37,20.3 1 1
github.com/butorovv/meeting-room-booking/internal/delivery/transport/room.go:21.2,21.43 1 1
github.com/butorovv/meeting-room-booking/internal/delivery/transport/room.go:21.43,23.3 1 0
github.com/butorovv/meeting-room-booking/internal/delivery/transport/room.go:24.2,24.12 1 1
github.com/butorovv/meeting-room-booking/internal/delivery/transport/room.go:35.51,36.14 1 1
github.com/butorovv/meeting-room-booking/internal/delivery/transport/room.go:36.14,38.3 1 1
github.com/butorovv/meeting-room-booking/internal/delivery/transport/room.go:39.2,45.3 1 1
github.com/butorovv/meeting-room-booking/internal/delivery/transport/room.go:48.62,49.18 1 1
github.com/butorovv/meeting-room-booking/internal/delivery/transport/room.go:49.18,51.3 1 1
github.com/butorovv/meeting-room-booking/internal/delivery/transport/room.go:52.2,53.26 2 1
github.com/butorovv/meeting-room-booking/internal/delivery/transport/room.go:53.26,55.3 1 1
github.com/butorovv/meeting-room-booking/internal/delivery/transport/room.go:56.2,56.15 1 1
github.com/butorovv/meeting-room-booking/internal/delivery/transport/schedule.go:18.50,19.39 1 1
github.com/butorovv/meeting-room-booking/internal/delivery/transport/schedule.go:19.39,21.3 1 1
github.com/butorovv/meeting-room-booking/internal/delivery/transport/schedule.go:22.2,22.28 1 1
github.com/butorovv/meeting-room-booking/internal/delivery/transport/schedule.go:22.28,24.3 1 0
github.com/butorovv/meeting-room-booking/internal/delivery/transport/schedule.go:25.2,25.33 1 1
github.com/butorovv/meeting-room-booking/internal/delivery/transport/schedule.go:25.33,26.21 1 1
github.com/butorovv/meeting-room-booking/internal/delivery/transport/schedule.go:26.21,28.4 1 0
github.com/butorovv/meeting-room-booking/internal/delivery/transport/schedule.go:30.2,30.42 1 1
github.com/butorovv/meeting-room-booking/internal/delivery/transport/schedule.go:30.42,32.3 1 0
github.com/butorovv/meeting-room-booking/internal/delivery/transport/schedule.go:33.2,33.40 1 1
github.com/butorovv/meeting-room-booking/internal/delivery/transport/schedule.go:33.40,35.3 1 0
github.com/butorovv/meeting-room-booking/internal/delivery/transport/schedule.go:37.2,37.60 1 1
github.com/butorovv/meeting-room-booking/internal/delivery/transport/schedule.go:37.60,39.3 1 0
github.com/butorovv/meeting-room-booking/internal/delivery/transport/schedule.go:40.2,40.58 1 1
github.com/butorovv/meeting-room-booking/internal/delivery/transport/schedule.go:40.58,42.3 1 0
github.com/butorovv/meeting-room-booking/internal/delivery/transport/schedule.go:44.2,44.30 1 1
github.com/butorovv/meeting-room-booking/internal/delivery/transport/schedule.go:44.30,46.3 1 0
github.com/butorovv/meeting-room-booking/internal/delivery/transport/schedule.go:48.2,48.12 1 1
github.com/butorovv/meeting-room-booking/internal/delivery/transport/schedule.go:60.63,61.14 1 1
github.com/butorovv/meeting-room-booking/internal/delivery/transport/schedule.go:61.14,63.3 1 1
github.com/butorovv/meeting-room-booking/internal/delivery/transport/schedule.go:64.2,71.3 1 1
github.com/butorovv/meeting-room-booking/internal/delivery/transport/slot.go:15.52,16.20 1 1
github.com/butorovv/meeting-room-booking/internal/delivery/transport/slot.go:16.20,18.3 1 1
github.com/butorovv/meeting-room-booking/internal/delivery/transport/slot.go:19.2,19.18 1 1
github.com/butorovv/meeting-room-booking/internal/delivery/transport/slot.go:19.18,21.3 1 0
github.com/butorovv/meeting-room-booking/internal/delivery/transport/slot.go:22.2,22.12 1 1
github.com/butorovv/meeting-room-booking/internal/delivery/transport/slot.go:32.51,33.14 1 1
github.com/butorovv/meeting-room-booking/internal/delivery/transport/slot.go:33.14,35.3 1 1
github.com/butorovv/meeting-room-booking/internal/delivery/transport/slot.go:36.2,41.3 1 1
github.com/butorovv/meeting-room-booking/internal/delivery/transport/slot.go:44.62,45.18 1 1
github.com/butorovv/meeting-room-booking/internal/delivery/transport/slot.go:45.18,47.3 1 1
github.com/butorovv/meeting-room-booking/internal/delivery/transport/slot.go:48.2,49.26 2 1
github.com/butorovv/meeting-room-booking/internal/delivery/transport/slot.go:49.26,51.3 1 1
github.com/butorovv/meeting-room-booking/internal/delivery/transport/slot.go:52.2,52.15 1 1
github.com/butorovv/meeting-room-booking/internal/delivery/http/auth_handler.go:23.59,28.2 1 1
github.com/butorovv/meeting-room-booking/internal/delivery/http/auth_handler.go:30.74,33.33 2 1
github.com/butorovv/meeting-room-booking/internal/delivery/http/auth_handler.go:33.33,36.3 2 1
github.com/butorovv/meeting-room-booking/internal/delivery/http/auth_handler.go:38.2,38.74 1 1
github.com/butorovv/meeting-room-booking/internal/delivery/http/auth_handler.go:38.74,41.3 2 1
github.com/butorovv/meeting-room-booking/internal/delivery/http/auth_handler.go:43.2,47.45 4 1
github.com/butorovv/meeting-room-booking/internal/delivery/http/auth_handler.go:47.45,50.3 2 1
github.com/butorovv/meeting-room-booking/internal/delivery/http/auth_handler.go:52.2,52.47 1 1
github.com/butorovv/meeting-room-booking/internal/delivery/http/auth_handler.go:52.47,55.3 2 1
github.com/butorovv/meeting-room-booking/internal/delivery/http/auth_handler.go:57.2,58.16 2 1
github.com/butorovv/meeting-room-booking/internal/delivery/http/auth_handler.go:58.16,61.3 2 1
github.com/butorovv/meeting-room-booking/internal/delivery/http/auth_handler.go:63.2,63.73 1 1
github.com/butorovv/meeting-room-booking/internal/delivery/http/booking_handler.go:29.68,34.2 1 1
github.com/butorovv/meeting-room-booking/internal/delivery/http/booking_handler.go:36.80,40.9 3 1
github.com/butorovv/meeting-room-booking/internal/delivery/http/booking_handler.go:40.9,43.3 2 1
github.com/butorovv/meeting-room-booking/internal/delivery/http/booking_handler.go:45.2,45.33 1 1
github.com/butorovv/meeting-room-booking/internal/delivery/http/booking_handler.go:45.33,48.3 2 0
github.com/butorovv/meeting-room-booking/internal/delivery/http/booking_handler.go:50.2,50.74 1 1
github.com/butorovv/meeting-room-booking/internal/delivery/http/booking_handler.go:50.74,53.3 2 0
github.com/butorovv/meeting-room-booking/internal/delivery/http/booking_handler.go:55.2,59.45 4 1
github.com/butorovv/meeting-room-booking/internal/delivery/http/booking_handler.go:59.45,62.3 2 0
github.com/butorovv/meeting-room-booking/internal/delivery/http/booking_handler.go:64.2,64.41 1 1
github.com/butorovv/meeting-room-booking/internal/delivery/http/booking_handler.go:64.41,67.3 2 0
github.com/butorovv/meeting-room-booking/internal/delivery/http/booking_handler.go:69.2,70.30 2 1
github.com/butorovv/meeting-room-booking/internal/delivery/http/booking_handler.go:70.30,73.3 2 0
github.com/butorovv/meeting-room-booking/internal/delivery/http/booking_handler.go:75.2,76.16 2 1
github.com/butorovv/meeting-room-booking/internal/delivery/http/booking_handler.go:76.16,77.14 1 1
github.com/butorovv/meeting-room-booking/internal/delivery/http/booking_handler.go:78.31,80.10 2 1
github.com/butorovv/meeting-room-booking/internal/delivery/http/booking_handler.go:81.29,83.10 2 0
github.com/butorovv/meeting-room-booking/internal/delivery/http/booking_handler.go:84.36,86.10 2 1
github.com/butorovv/meeting-room-booking/internal/delivery/http/booking_handler.go:87.11,89.10 2 0
github.com/butorovv/meeting-room-booking/internal/delivery/http/booking_handler.go:93.2,95.4 1 1
github.com/butorovv/meeting-room-booking/internal/delivery/http/booking_handler.go:98.77,102.27 3 1
github.com/butorovv/meeting-room-booking/internal/delivery/http/booking_handler.go:102.27,105.3 2 1
github.com/butorovv/meeting-room-booking/internal/delivery/http/booking_handler.go:107.2,108.9 2 0
github.com/butorovv/meeting-room-booking/internal/delivery/http/booking_handler.go:108.9,111.3 2 0
github.com/butorovv/meeting-room-booking/internal/delivery/http/booking_handler.go:113.2,113.32 1 0
github.com/butorovv/meeting-room-booking/internal/delivery/http/booking_handler.go:113.32,116.3 2 0
github.com/butorovv/meeting-room-booking/internal/delivery/http/booking_handler.go:118.2,119.16 2 0
github.com/butorovv/meeting-room-booking/internal/delivery/http/booking_handler.go:119.16,122.3 2 0
github.com/butorovv/meeting-room-booking/internal/delivery/http/booking_handler.go:124.2,126.4 1 0
github.com/butorovv/meeting-room-booking/internal/delivery/http/booking_handler.go:129.80,133.40 3 1
github.com/butorovv/meeting-room-booking/internal/delivery/http/booking_handler.go:133.40,136.3 2 0
github.com/butorovv/meeting-room-booking/internal/delivery/http/booking_handler.go:138.2,139.9 2 1
github.com/butorovv/meeting-room-booking/internal/delivery/http/booking_handler.go:139.9,142.3 2 0
github.com/butorovv/meeting-room-booking/internal/delivery/http/booking_handler.go:144.2,144.33 1 1
github.com/butorovv/meeting-room-booking/internal/delivery/http/booking_handler.go:144.33,147.3 2 0
github.com/butorovv/meeting-room-booking/internal/delivery/http/booking_handler.go:149.2,150.16 2 1
github.com/butorovv/meeting-room-booking/internal/delivery/http/booking_handler.go:150.16,151.14 1 0
github.com/butorovv/meeting-room-booking/internal/delivery/http/booking_handler.go:152.34,154.10 2 0
github.com/butorovv/meeting-room-booking/internal/delivery/http/booking_handler.go:155.28,157.10 2 0
github.com/butorovv/meeting-room-booking/internal/delivery/http/booking_handler.go:158.11,160.10 2 0
github.com/butorovv/meeting-room-booking/internal/delivery/http/booking_handler.go:164.2,166.4 1 1
github.com/butorovv/meeting-room-booking/internal/delivery/http/booking_handler.go:169.79,172.32 2 1
github.com/butorovv/meeting-room-booking/internal/delivery/http/booking_handler.go:172.32,175.3 2 0
github.com/butorovv/meeting-room-booking/internal/delivery/http/booking_handler.go:177.2,180.45 3 1
github.com/butorovv/meeting-room-booking/internal/delivery/http/booking_handler.go:180.45,182.31 2 1
github.com/butorovv/meeting-room-booking/internal/delivery/http/booking_handler.go:182.31,185.4 2 0
github.com/butorovv/meeting-room-booking/internal/delivery/http/booking_handler.go:186.3,186.16 1 1
github.com/butorovv/meeting-room-booking/internal/delivery/http/booking_handler.go:189.2,189.51 1 1
github.com/butorovv/meeting-room-booking/internal/delivery/http/booking_handler.go:189.51,191.47 2 1
github.com/butorovv/meeting-room-booking/internal/delivery/http/booking_handler.go:191.47,194.4 2 0
github.com/butorovv/meeting-room-booking/internal/delivery/http/booking_handler.go:195.3,195.20 1 1
github.com/butorovv/meeting-room-booking/internal/delivery/http/booking_handler.go:198.2,199.16 2 1
github.com/butorovv/meeting-room-booking/internal/delivery/http/booking_handler.go:199.16,202.3 2 0
github.com/butorovv/meeting-room-booking/internal/delivery/http/booking_handler.go:204.2,211.4 1 1
github.com/butorovv/meeting-room-booking/internal/delivery/http/room_handler.go:25.59,30.2 1 1
github.com/butorovv/meeting-room-booking/internal/delivery/http/room_handler.go:32.74,35.33 2 1
github.com/butorovv/meeting-room-booking/internal/delivery/http/room_handler.go:35.33,38.3 2 0
github.com/butorovv/meeting-room-booking/internal/delivery/http/room_handler.go:40.2,40.74 1 1
github.com/butorovv/meeting-room-booking/internal/delivery/http/room_handler.go:40.74,43.3 2 1
github.com/butorovv/meeting-room-booking/internal/delivery/http/room_handler.go:45.2,49.45 4 1
github.com/butorovv/meeting-room-booking/internal/delivery/http/room_handler.go:49.45,52.3 2 0
github.com/butorovv/meeting-room-booking/internal/delivery/http/room_handler.go:54.2,54.39 1 1
github.com/butorovv/meeting-room-booking/internal/delivery/http/room_handler.go:54.39,57.3 2 0
github.com/butorovv/meeting-room-booking/internal/delivery/http/room_handler.go:59.2,60.16 2 1
github.com/butorovv/meeting-room-booking/internal/delivery/http/room_handler.go:60.16,63.3 2 0
github.com/butorovv/meeting-room-booking/internal/delivery/http/room_handler.go:65.2,67.4 1 1
github.com/butorovv/meeting-room-booking/internal/delivery/http/room_handler.go:70.73,74.16 3 1
github.com/butorovv/meeting-room-booking/internal/delivery/http/room_handler.go:74.16,77.3 2 0
github.com/butorovv/meeting-room-booking/internal/delivery/http/room_handler.go:79.2,81.4 1 1
github.com/butorovv/meeting-room-booking/internal/delivery/http/schedule_handler.go:24.71,29.2 1 1
github.com/butorovv/meeting-room-booking/internal/delivery/http/schedule_handler.go:31.82,34.33 2 1
github.com/butorovv/meeting-room-booking/internal/delivery/http/schedule_handler.go:34.33,37.3 2 1
github.com/butorovv/meeting-room-booking/internal/delivery/http/schedule_handler.go:39.2,39.74 1 1
github.com/butorovv/meeting-room-booking/internal/delivery/http/schedule_handler.go:39.74,42.3 2 1
github.com/butorovv/meeting-room-booking/internal/delivery/http/schedule_handler.go:44.2,47.61 3 1
github.com/butorovv/meeting-room-booking/internal/delivery/http/schedule_handler.go:47.61,50.3 2 1
github.com/butorovv/meeting-room-booking/internal/delivery/http/schedule_handler.go:51.2,53.39 2 1
github.com/butorovv/meeting-room-booking/internal/delivery/http/schedule_handler.go:53.39,56.3 2 1
github.com/butorovv/meeting-room-booking/internal/delivery/http/schedule_handler.go:58.2,59.16 2 1
github.com/butorovv/meeting-room-booking/internal/delivery/http/schedule_handler.go:59.16,60.38 1 1
github.com/butorovv/meeting-room-booking/internal/delivery/http/schedule_handler.go:60.38,63.4 2 1
github.com/butorovv/meeting-room-booking/internal/delivery/http/schedule_handler.go:64.3,64.36 1 1
github.com/butorovv/meeting-room-booking/internal/delivery/http/schedule_handler.go:64.36,67.4 2 1
github.com/butorovv/meeting-room-booking/internal/delivery/http/schedule_handler.go:68.3,69.9 2 1
github.com/butorovv/meeting-room-booking/internal/delivery/http/schedule_handler.go:72.2,74.4 1 1
github.com/butorovv/meeting-room-booking/internal/delivery/http/slot_handler.go:23.59,28.2 1 1
github.com/butorovv/meeting-room-booking/internal/delivery/http/slot_handler.go:30.81,35.16 4 1
github.com/butorovv/meeting-room-booking/internal/delivery/http/slot_handler.go:35.16,38.3 2 1
github.com/butorovv/meeting-room-booking/internal/delivery/http/slot_handler.go:40.2,40.58 1 1
github.com/butorovv/meeting-room-booking/internal/delivery/http/slot_handler.go:40.58,43.3 2 0
github.com/butorovv/meeting-room-booking/internal/delivery/http/slot_handler.go:45.2,46.16 2 1
github.com/butorovv/meeting-room-booking/internal/delivery/http/slot_handler.go:46.16,47.36 1 1
github.com/butorovv/meeting-room-booking/internal/delivery/http/slot_handler.go:47.36,50.4 2 1
github.com/butorovv/meeting-room-booking/internal/delivery/http/slot_handler.go:51.3,52.9 2 0
github.com/butorovv/meeting-room-booking/internal/delivery/http/slot_handler.go:55.2,55.104 1 1
